2023-01-13 05:16:21.808  INFO 48739 --- [main] c.k.example.test.HotelControllerTest     : Starting HotelControllerTest on ip-172-31-12-232 with PID 48739 (started by ubuntu in /home/ubuntu/springboot_sl2)
2023-01-13 05:16:21.813  INFO 48739 --- [main] c.k.example.test.HotelControllerTest     : The following profiles are active: test
2023-01-13 05:16:21.920  INFO 48739 --- [main] o.s.w.c.s.GenericWebApplicationContext   : Refreshing org.springframework.web.context.support.GenericWebApplicationContext@1951b871: startup date [Fri Jan 13 05:16:21 UTC 2023]; root of context hierarchy
2023-01-13 05:16:25.895  INFO 48739 --- [main] trationDelegate$BeanPostProcessorChecker : Bean 'org.springframework.transaction.annotation.ProxyTransactionManagementConfiguration' of type [org.springframework.transaction.annotation.ProxyTransactionManagementConfiguration$$EnhancerBySpringCGLIB$$aff4da3a] is not eligible for getting processed by all BeanPostProcessors (for example: not eligible for auto-proxying)
2023-01-13 05:16:27.359  INFO 48739 --- [main] j.LocalContainerEntityManagerFactoryBean : Building JPA container EntityManagerFactory for persistence unit 'default'
2023-01-13 05:16:27.397  INFO 48739 --- [main] o.hibernate.jpa.internal.util.LogHelper  : HHH000204: Processing PersistenceUnitInfo [
	name: default
	...]
2023-01-13 05:16:27.528  INFO 48739 --- [main] org.hibernate.Version                    : HHH000412: Hibernate Core {5.0.12.Final}
2023-01-13 05:16:27.535  INFO 48739 --- [main] org.hibernate.cfg.Environment            : HHH000206: hibernate.properties not found
2023-01-13 05:16:27.541  INFO 48739 --- [main] org.hibernate.cfg.Environment            : HHH000021: Bytecode provider name : javassist
2023-01-13 05:16:27.614  INFO 48739 --- [main] o.hibernate.annotations.common.Version   : HCANN000001: Hibernate Commons Annotations {5.0.1.Final}
2023-01-13 05:16:27.897  INFO 48739 --- [main] org.hibernate.dialect.Dialect            : HHH000400: Using dialect: org.hibernate.dialect.H2Dialect
2023-01-13 05:16:28.665  INFO 48739 --- [main] org.hibernate.tool.hbm2ddl.SchemaExport  : HHH000227: Running hbm2ddl schema export
2023-01-13 05:16:28.690  INFO 48739 --- [main] org.hibernate.tool.hbm2ddl.SchemaExport  : HHH000230: Schema export complete
2023-01-13 05:16:28.748  INFO 48739 --- [main] j.LocalContainerEntityManagerFactoryBean : Initialized JPA EntityManagerFactory for persistence unit 'default'
2023-01-13 05:16:29.542  WARN 48739 --- [main] figurationPropertiesBindingPostProcessor : The @ConfigurationProperties bean class com.khoubyari.example.service.ServiceProperties contains validation constraints but had not been annotated with @Validated.
2023-01-13 05:16:29.544  WARN 48739 --- [main] figurationPropertiesBindingPostProcessor : The @ConfigurationProperties bean class com.khoubyari.example.service.ServiceProperties contains validation constraints but had not been annotated with @Validated.
2023-01-13 05:16:29.546  WARN 48739 --- [main] figurationPropertiesBindingPostProcessor : The @ConfigurationProperties bean class com.khoubyari.example.service.ServiceProperties contains validation constraints but had not been annotated with @Validated.
2023-01-13 05:16:30.511  INFO 48739 --- [main] s.w.s.m.m.a.RequestMappingHandlerMapping : Mapped "{[/example/v1/hotels/{id}],methods=[GET],produces=[application/json || application/xml]}" onto public com.khoubyari.example.domain.Hotel com.khoubyari.example.api.rest.HotelController.getHotel(java.lang.Long,javax.servlet.http.HttpServletRequest,javax.servlet.http.HttpServletResponse) throws java.lang.Exception
2023-01-13 05:16:30.517  INFO 48739 --- [main] s.w.s.m.m.a.RequestMappingHandlerMapping : Mapped "{[/example/v1/hotels/{id}],methods=[PUT],consumes=[application/json || application/xml],produces=[application/json || application/xml]}" onto public void com.khoubyari.example.api.rest.HotelController.updateHotel(java.lang.Long,com.khoubyari.example.domain.Hotel,javax.servlet.http.HttpServletRequest,javax.servlet.http.HttpServletResponse)
2023-01-13 05:16:30.518  INFO 48739 --- [main] s.w.s.m.m.a.RequestMappingHandlerMapping : Mapped "{[/example/v1/hotels/{id}],methods=[DELETE],produces=[application/json || application/xml]}" onto public void com.khoubyari.example.api.rest.HotelController.deleteHotel(java.lang.Long,javax.servlet.http.HttpServletRequest,javax.servlet.http.HttpServletResponse)
2023-01-13 05:16:30.519  INFO 48739 --- [main] s.w.s.m.m.a.RequestMappingHandlerMapping : Mapped "{[/example/v1/hotels],methods=[GET],produces=[application/json || application/xml]}" onto public org.springframework.data.domain.Page<com.khoubyari.example.domain.Hotel> com.khoubyari.example.api.rest.HotelController.getAllHotel(java.lang.Integer,java.lang.Integer,javax.servlet.http.HttpServletRequest,javax.servlet.http.HttpServletResponse)
2023-01-13 05:16:30.526  INFO 48739 --- [main] s.w.s.m.m.a.RequestMappingHandlerMapping : Mapped "{[/example/v1/hotels],methods=[POST],consumes=[application/json || application/xml],produces=[application/json || application/xml]}" onto public void com.khoubyari.example.api.rest.HotelController.createHotel(com.khoubyari.example.domain.Hotel,javax.servlet.http.HttpServletRequest,javax.servlet.http.HttpServletResponse)
2023-01-13 05:16:30.529  INFO 48739 --- [main] s.w.s.m.m.a.RequestMappingHandlerMapping : Mapped "{[/v2/api-docs],methods=[GET],produces=[application/json || application/hal+json]}" onto public org.springframework.http.ResponseEntity<springfox.documentation.spring.web.json.Json> springfox.documentation.swagger2.web.Swagger2Controller.getDocumentation(java.lang.String,javax.servlet.http.HttpServletRequest)
2023-01-13 05:16:30.534  INFO 48739 --- [main] s.w.s.m.m.a.RequestMappingHandlerMapping : Mapped "{[/swagger-resources/configuration/security]}" onto org.springframework.http.ResponseEntity<springfox.documentation.swagger.web.SecurityConfiguration> springfox.documentation.swagger.web.ApiResourceController.securityConfiguration()
2023-01-13 05:16:30.535  INFO 48739 --- [main] s.w.s.m.m.a.RequestMappingHandlerMapping : Mapped "{[/swagger-resources/configuration/ui]}" onto org.springframework.http.ResponseEntity<springfox.documentation.swagger.web.UiConfiguration> springfox.documentation.swagger.web.ApiResourceController.uiConfiguration()
2023-01-13 05:16:30.536  INFO 48739 --- [main] s.w.s.m.m.a.RequestMappingHandlerMapping : Mapped "{[/swagger-resources]}" onto org.springframework.http.ResponseEntity<java.util.List<springfox.documentation.swagger.web.SwaggerResource>> springfox.documentation.swagger.web.ApiResourceController.swaggerResources()
2023-01-13 05:16:30.539  INFO 48739 --- [main] s.w.s.m.m.a.RequestMappingHandlerMapping : Mapped "{[/error]}" onto public org.springframework.http.ResponseEntity<java.util.Map<java.lang.String, java.lang.Object>> org.springframework.boot.autoconfigure.web.BasicErrorController.error(javax.servlet.http.HttpServletRequest)
2023-01-13 05:16:30.546  INFO 48739 --- [main] s.w.s.m.m.a.RequestMappingHandlerMapping : Mapped "{[/error],produces=[text/html]}" onto public org.springframework.web.servlet.ModelAndView org.springframework.boot.autoconfigure.web.BasicErrorController.errorHtml(javax.servlet.http.HttpServletRequest,javax.servlet.http.HttpServletResponse)
2023-01-13 05:16:31.546  INFO 48739 --- [main] s.w.s.m.m.a.RequestMappingHandlerAdapter : Looking for @ControllerAdvice: org.springframework.web.context.support.GenericWebApplicationContext@1951b871: startup date [Fri Jan 13 05:16:21 UTC 2023]; root of context hierarchy
2023-01-13 05:16:31.649  INFO 48739 --- [main] o.s.w.s.handler.SimpleUrlHandlerMapping  : Mapped URL path [/webjars/**] onto handler of type [class org.springframework.web.servlet.resource.ResourceHttpRequestHandler]
2023-01-13 05:16:31.655  INFO 48739 --- [main] o.s.w.s.handler.SimpleUrlHandlerMapping  : Mapped URL path [/**] onto handler of type [class org.springframework.web.servlet.resource.ResourceHttpRequestHandler]
2023-01-13 05:16:31.747  INFO 48739 --- [main] o.s.w.s.handler.SimpleUrlHandlerMapping  : Mapped URL path [/**/favicon.ico] onto handler of type [class org.springframework.web.servlet.resource.ResourceHttpRequestHandler]
2023-01-13 05:16:32.278  INFO 48739 --- [main] b.a.s.AuthenticationManagerConfiguration : 

Using default security password: 9426471f-e1cc-4d6a-bc2e-917dbbe910b0

2023-01-13 05:16:32.371  INFO 48739 --- [main] o.s.s.web.DefaultSecurityFilterChain     : Creating filter chain: OrRequestMatcher [requestMatchers=[Ant [pattern='/css/**'], Ant [pattern='/js/**'], Ant [pattern='/images/**'], Ant [pattern='/webjars/**'], Ant [pattern='/**/favicon.ico'], Ant [pattern='/error']]], []
2023-01-13 05:16:32.372  INFO 48739 --- [main] o.s.s.web.DefaultSecurityFilterChain     : Creating filter chain: org.springframework.boot.actuate.autoconfigure.ManagementWebSecurityAutoConfiguration$LazyEndpointPathRequestMatcher@2ffaa711, []
2023-01-13 05:16:32.450  INFO 48739 --- [main] o.s.s.web.DefaultSecurityFilterChain     : Creating filter chain: org.springframework.boot.autoconfigure.security.SpringBootWebSecurityConfiguration$ApplicationNoWebSecurityConfigurerAdapter$1@1bcca516, [org.springframework.security.web.context.request.async.WebAsyncManagerIntegrationFilter@cef23a8, org.springframework.security.web.context.SecurityContextPersistenceFilter@4fccdd1d, org.springframework.security.web.header.HeaderWriterFilter@2ced7cf, org.springframework.security.web.csrf.CsrfFilter@3514df8d, org.springframework.security.web.authentication.logout.LogoutFilter@4f3b11e6, org.springframework.security.web.savedrequest.RequestCacheAwareFilter@a165c11, org.springframework.security.web.servletapi.SecurityContextHolderAwareRequestFilter@62f3ad90, org.springframework.security.web.authentication.AnonymousAuthenticationFilter@762d2e4c, org.springframework.security.web.session.SessionManagementFilter@6c4e11d0, org.springframework.security.web.access.ExceptionTranslationFilter@4b9dd787]
2023-01-13 05:16:33.399  WARN 48739 --- [main] .s.b.a.a.EndpointWebMvcAutoConfiguration : Could not start embedded management container on different port (management endpoints are still available through JMX)
2023-01-13 05:16:33.411  INFO 48739 --- [main] o.s.c.support.DefaultLifecycleProcessor  : Starting beans in phase 2147483647
2023-01-13 05:16:33.412  INFO 48739 --- [main] d.s.w.p.DocumentationPluginsBootstrapper : Context refreshed
2023-01-13 05:16:33.445  INFO 48739 --- [main] d.s.w.p.DocumentationPluginsBootstrapper : Found 1 custom documentation plugin(s)
2023-01-13 05:16:33.460  INFO 48739 --- [main] s.d.s.w.s.ApiListingReferenceScanner     : Scanning for api listing references
2023-01-13 05:16:33.865  INFO 48739 --- [main] c.k.example.test.HotelControllerTest     : Started HotelControllerTest in 13.077 seconds (JVM running for 14.601)
2023-01-13 05:16:34.011  INFO 48739 --- [main] o.s.b.t.m.w.SpringBootMockServletContext : Initializing Spring FrameworkServlet ''
2023-01-13 05:16:34.014  INFO 48739 --- [main] o.s.t.web.servlet.TestDispatcherServlet  : FrameworkServlet '': initialization started
2023-01-13 05:16:34.048  INFO 48739 --- [main] o.s.t.web.servlet.TestDispatcherServlet  : FrameworkServlet '': initialization completed in 34 ms
2023-01-13 05:16:34.214  INFO 48739 --- [main] c.k.example.RestControllerAspect         : :::::AOP Before REST call:::::execution(void com.khoubyari.example.api.rest.HotelController.createHotel(Hotel,HttpServletRequest,HttpServletResponse))
2023-01-13 05:16:34.347  INFO 48739 --- [main] c.k.example.RestControllerAspect         : :::::AOP Before REST call:::::execution(Hotel com.khoubyari.example.api.rest.HotelController.getHotel(Long,HttpServletRequest,HttpServletResponse))
2023-01-13 05:16:34.428  INFO 48739 --- [main] c.k.example.RestControllerAspect         : :::::AOP Before REST call:::::execution(void com.khoubyari.example.api.rest.HotelController.deleteHotel(Long,HttpServletRequest,HttpServletResponse))
2023-01-13 05:16:34.457  INFO 48739 --- [main] c.k.example.RestControllerAspect         : :::::AOP Before REST call:::::execution(Hotel com.khoubyari.example.api.rest.HotelController.getHotel(Long,HttpServletRequest,HttpServletResponse))
2023-01-13 05:16:34.466  INFO 48739 --- [main] c.k.example.api.rest.HotelController     : ResourceNotFoundException handler:resource not found
2023-01-13 05:16:34.488  INFO 48739 --- [main] o.s.b.t.m.w.SpringBootMockServletContext : Initializing Spring FrameworkServlet ''
2023-01-13 05:16:34.489  INFO 48739 --- [main] o.s.t.web.servlet.TestDispatcherServlet  : FrameworkServlet '': initialization started
2023-01-13 05:16:34.499  INFO 48739 --- [main] o.s.t.web.servlet.TestDispatcherServlet  : FrameworkServlet '': initialization completed in 9 ms
2023-01-13 05:16:34.522  INFO 48739 --- [main] c.k.example.RestControllerAspect         : :::::AOP Before REST call:::::execution(void com.khoubyari.example.api.rest.HotelController.createHotel(Hotel,HttpServletRequest,HttpServletResponse))
2023-01-13 05:16:34.533  INFO 48739 --- [main] c.k.example.RestControllerAspect         : :::::AOP Before REST call:::::execution(void com.khoubyari.example.api.rest.HotelController.updateHotel(Long,Hotel,HttpServletRequest,HttpServletResponse))
2023-01-13 05:16:34.556  INFO 48739 --- [main] c.k.example.RestControllerAspect         : :::::AOP Before REST call:::::execution(Hotel com.khoubyari.example.api.rest.HotelController.getHotel(Long,HttpServletRequest,HttpServletResponse))
2023-01-13 05:16:34.573  INFO 48739 --- [main] c.k.example.RestControllerAspect         : :::::AOP Before REST call:::::execution(void com.khoubyari.example.api.rest.HotelController.deleteHotel(Long,HttpServletRequest,HttpServletResponse))
2023-01-13 05:16:34.610  INFO 48739 --- [Thread-3] o.s.w.c.s.GenericWebApplicationContext   : Closing org.springframework.web.context.support.GenericWebApplicationContext@1951b871: startup date [Fri Jan 13 05:16:21 UTC 2023]; root of context hierarchy
2023-01-13 05:16:34.622  INFO 48739 --- [Thread-3] o.s.c.support.DefaultLifecycleProcessor  : Stopping beans in phase 2147483647
2023-01-13 05:16:34.631  INFO 48739 --- [Thread-3] j.LocalContainerEntityManagerFactoryBean : Closing JPA EntityManagerFactory for persistence unit 'default'
2023-01-13 05:16:34.632  INFO 48739 --- [Thread-3] org.hibernate.tool.hbm2ddl.SchemaExport  : HHH000227: Running hbm2ddl schema export
2023-01-13 05:16:34.640 ERROR 48739 --- [Thread-3] org.hibernate.tool.hbm2ddl.SchemaExport  : HHH000231: Schema export unsuccessful

org.h2.jdbc.JdbcSQLException: Database is already closed (to disable automatic closing at VM shutdown, add ";DB_CLOSE_ON_EXIT=FALSE" to the db URL) [90121-193]
	at org.h2.message.DbException.getJdbcSQLException(DbException.java:345) ~[h2-1.4.193.jar:1.4.193]
	at org.h2.message.DbException.get(DbException.java:179) ~[h2-1.4.193.jar:1.4.193]
	at org.h2.message.DbException.get(DbException.java:155) ~[h2-1.4.193.jar:1.4.193]
	at org.h2.message.DbException.get(DbException.java:144) ~[h2-1.4.193.jar:1.4.193]
	at org.h2.jdbc.JdbcConnection.checkClosed(JdbcConnection.java:1483) ~[h2-1.4.193.jar:1.4.193]
	at org.h2.jdbc.JdbcConnection.checkClosed(JdbcConnection.java:1458) ~[h2-1.4.193.jar:1.4.193]
	at org.h2.jdbc.JdbcConnection.getAutoCommit(JdbcConnection.java:457) ~[h2-1.4.193.jar:1.4.193]
	at java.base/jdk.internal.reflect.NativeMethodAccessorImpl.invoke0(Native Method) ~[na:na]
	at java.base/jdk.internal.reflect.NativeMethodAccessorImpl.invoke(NativeMethodAccessorImpl.java:62) ~[na:na]
	at java.base/jdk.internal.reflect.DelegatingMethodAccessorImpl.invoke(DelegatingMethodAccessorImpl.java:43) ~[na:na]
	at java.base/java.lang.reflect.Method.invoke(Method.java:566) ~[na:na]
	at org.apache.tomcat.jdbc.pool.ProxyConnection.invoke(ProxyConnection.java:126) ~[tomcat-jdbc-8.5.23.jar:na]
	at org.apache.tomcat.jdbc.pool.JdbcInterceptor.invoke(JdbcInterceptor.java:108) ~[tomcat-jdbc-8.5.23.jar:na]
	at org.apache.tomcat.jdbc.pool.interceptor.AbstractCreateStatementInterceptor.invoke(AbstractCreateStatementInterceptor.java:79) ~[tomcat-jdbc-8.5.23.jar:na]
	at org.apache.tomcat.jdbc.pool.JdbcInterceptor.invoke(JdbcInterceptor.java:108) ~[tomcat-jdbc-8.5.23.jar:na]
	at org.apache.tomcat.jdbc.pool.DisposableConnectionFacade.invoke(DisposableConnectionFacade.java:81) ~[tomcat-jdbc-8.5.23.jar:na]
	at com.sun.proxy.$Proxy97.getAutoCommit(Unknown Source) ~[na:na]
	at org.hibernate.tool.hbm2ddl.SuppliedConnectionProviderConnectionHelper.prepare(SuppliedConnectionProviderConnectionHelper.java:34) ~[hibernate-core-5.0.12.Final.jar:5.0.12.Final]
	at org.hibernate.tool.hbm2ddl.DatabaseExporter.<init>(DatabaseExporter.java:35) ~[hibernate-core-5.0.12.Final.jar:5.0.12.Final]
	at org.hibernate.tool.hbm2ddl.SchemaExport.execute(SchemaExport.java:425) ~[hibernate-core-5.0.12.Final.jar:5.0.12.Final]
	at org.hibernate.tool.hbm2ddl.SchemaExport.drop(SchemaExport.java:375) ~[hibernate-core-5.0.12.Final.jar:5.0.12.Final]
	at org.hibernate.tool.hbm2ddl.SchemaExport.drop(SchemaExport.java:371) ~[hibernate-core-5.0.12.Final.jar:5.0.12.Final]
	at org.hibernate.internal.SessionFactoryImpl.close(SessionFactoryImpl.java:1081) ~[hibernate-core-5.0.12.Final.jar:5.0.12.Final]
	at org.hibernate.jpa.internal.EntityManagerFactoryImpl.close(EntityManagerFactoryImpl.java:347) ~[hibernate-entitymanager-5.0.12.Final.jar:5.0.12.Final]
	at java.base/jdk.internal.reflect.NativeMethodAccessorImpl.invoke0(Native Method) ~[na:na]
	at java.base/jdk.internal.reflect.NativeMethodAccessorImpl.invoke(NativeMethodAccessorImpl.java:62) ~[na:na]
	at java.base/jdk.internal.reflect.DelegatingMethodAccessorImpl.invoke(DelegatingMethodAccessorImpl.java:43) ~[na:na]
	at java.base/java.lang.reflect.Method.invoke(Method.java:566) ~[na:na]
	at org.springframework.orm.jpa.AbstractEntityManagerFactoryBean.invokeProxyMethod(AbstractEntityManagerFactoryBean.java:473) ~[spring-orm-4.3.13.RELEASE.jar:4.3.13.RELEASE]
	at org.springframework.orm.jpa.AbstractEntityManagerFactoryBean$ManagedEntityManagerFactoryInvocationHandler.invoke(AbstractEntityManagerFactoryBean.java:645) ~[spring-orm-4.3.13.RELEASE.jar:4.3.13.RELEASE]
	at com.sun.proxy.$Proxy107.close(Unknown Source) ~[na:na]
	at org.springframework.orm.jpa.AbstractEntityManagerFactoryBean.destroy(AbstractEntityManagerFactoryBean.java:565) ~[spring-orm-4.3.13.RELEASE.jar:4.3.13.RELEASE]
	at org.springframework.beans.factory.support.DisposableBeanAdapter.destroy(DisposableBeanAdapter.java:272) ~[spring-beans-4.3.13.RELEASE.jar:4.3.13.RELEASE]
	at org.springframework.beans.factory.support.DefaultSingletonBeanRegistry.destroyBean(DefaultSingletonBeanRegistry.java:578) ~[spring-beans-4.3.13.RELEASE.jar:4.3.13.RELEASE]
	at org.springframework.beans.factory.support.DefaultSingletonBeanRegistry.destroySingleton(DefaultSingletonBeanRegistry.java:554) ~[spring-beans-4.3.13.RELEASE.jar:4.3.13.RELEASE]
	at org.springframework.beans.factory.support.DefaultListableBeanFactory.destroySingleton(DefaultListableBeanFactory.java:961) ~[spring-beans-4.3.13.RELEASE.jar:4.3.13.RELEASE]
	at org.springframework.beans.factory.support.DefaultSingletonBeanRegistry.destroySingletons(DefaultSingletonBeanRegistry.java:523) ~[spring-beans-4.3.13.RELEASE.jar:4.3.13.RELEASE]
	at org.springframework.beans.factory.support.FactoryBeanRegistrySupport.destroySingletons(FactoryBeanRegistrySupport.java:230) ~[spring-beans-4.3.13.RELEASE.jar:4.3.13.RELEASE]
	at org.springframework.beans.factory.support.DefaultListableBeanFactory.destroySingletons(DefaultListableBeanFactory.java:968) ~[spring-beans-4.3.13.RELEASE.jar:4.3.13.RELEASE]
	at org.springframework.context.support.AbstractApplicationContext.destroyBeans(AbstractApplicationContext.java:1032) ~[spring-context-4.3.13.RELEASE.jar:4.3.13.RELEASE]
	at org.springframework.context.support.AbstractApplicationContext.doClose(AbstractApplicationContext.java:1008) ~[spring-context-4.3.13.RELEASE.jar:4.3.13.RELEASE]
	at org.springframework.context.support.AbstractApplicationContext$2.run(AbstractApplicationContext.java:929) ~[spring-context-4.3.13.RELEASE.jar:4.3.13.RELEASE]

2023-01-13 05:16:34.642  INFO 48739 --- [Thread-3] org.hibernate.tool.hbm2ddl.SchemaExport  : HHH000230: Schema export complete
